-------------------------------------------------------------------------------
Test set: org.cap.test.bankapp.ParameterizedTestCase
-------------------------------------------------------------------------------
Tests run: 3, Failures: 1, Errors: 0, Skipped: 0, Time elapsed: 0.003 sec <<< FAILURE! - in org.cap.test.bankapp.ParameterizedTestCase
test_AddNumbers[2](org.cap.test.bankapp.ParameterizedTestCase)  Time elapsed: 0.003 sec  <<< FAILURE!
java.lang.AssertionError: expected:<0> but was:<5>
	at org.cap.test.bankapp.ParameterizedTestCase.test_AddNumbers(ParameterizedTestCase.java:42)

