<?xml version="1.0" encoding="UTF-8"?>
<testsuite xmlns:xsi="http://www.w3.org/2001/XMLSchema-instance" xsi:schemaLocation="https://maven.apache.org/surefire/maven-surefire-plugin/xsd/surefire-test-report.xsd" name="org.cap.test.bankapp.BankAppMocitoTestCase" time="0.323" tests="4" errors="0" skipped="0" failures="0">
  <properties>
[...]
</properties>
  <testcase name="test_AddAccount_method" classname="org.cap.test.bankapp.BankAppMocitoTestCase" time="0.28"/>
  <testcase name="test_deposit" classname="org.cap.test.bankapp.BankAppMocitoTestCase" time="0"/>
  <testcase name="test_findAccountById" classname="org.cap.test.bankapp.BankAppMocitoTestCase" time="0"/>
  <testcase name="test_withdraw" classname="org.cap.test.bankapp.BankAppMocitoTestCase" time="0.001"/>
</testsuite>